{
  "RSpec": {
    "coverage": {
      "/home/aaron/Dropbox/Projects/coolpay/spec/features/add_recipient_spec.rb": [
        1,
        1,
        1,
        1,
        1,
        null,
        null
      ],
      "/home/aaron/Dropbox/Projects/coolpay/spec/features/authentication_spec.rb": [
        1,
        1,
        1,
        1,
        1,
        1,
        null,
        null
      ],
      "/home/aaron/Dropbox/Projects/coolpay/spec/features/make_payment_spec.rb": [
        1,
        1,
        1,
        1,
        1,
        1,
        1,
        1,
        null,
        1,
        1,
        null,
        null
      ],
      "/home/aaron/Dropbox/Projects/coolpay/spec/models/coolpay_api_spec.rb": [
        1,
        null,
        1,
        6,
        6,
        6,
        6,
        6,
        6,
        6,
        null,
        null,
        1,
        1,
        1,
        1,
        null,
        null,
        1,
        1,
        1,
        null,
        null,
        1,
        1,
        1,
        null,
        null,
        1,
        1,
        1,
        null,
        null,
        1,
        1,
        1,
        null,
        null,
        null
      ],
      "/home/aaron/Dropbox/Projects/coolpay/spec/models/credentials_spec.rb": [
        1,
        null,
        1,
        2,
        2,
        2,
        null,
        1,
        1,
        1,
        null,
        null,
        1,
        1,
        1,
        null,
        null,
        null
      ],
      "/home/aaron/Dropbox/Projects/coolpay/spec/models/http_client_spec.rb": [
        1,
        null,
        1,
        4,
        4,
        null,
        null,
        1,
        1,
        1,
        null,
        null,
        null,
        1,
        1,
        1,
        null,
        null,
        null,
        1,
        1,
        1,
        null,
        null,
        null
      ],
      "/home/aaron/Dropbox/Projects/coolpay/spec/models/http_request_spec.rb": [
        1,
        null,
        1,
        11,
        3,
        2,
        6,
        6,
        null,
        1,
        1,
        1,
        1,
        null,
        null,
        1,
        1,
        null,
        null,
        null,
        1,
        1,
        1,
        null,
        null,
        1,
        1,
        null,
        null,
        null,
        null,
        1,
        1,
        1,
        1,
        1,
        null,
        null,
        1,
        1,
        1,
        null,
        null,
        1,
        1,
        1,
        null,
        null,
        null,
        1,
        1,
        1,
        1,
        null,
        null,
        null,
        1,
        1,
        1,
        null,
        null,
        1,
        1,
        1,
        null,
        null,
        null
      ],
      "/home/aaron/Dropbox/Projects/coolpay/spec/models/payment_spec.rb": [
        1,
        null,
        1,
        1,
        null,
        null,
        null,
        null,
        null,
        1,
        null,
        2,
        null,
        1,
        1,
        1,
        null,
        null,
        null
      ]
    },
    "timestamp": 1503268084
  }
}
